c:\users\king\desktop\pointcloud\code\pcscompress\pcscompress\debug\vc140.pdb
c:\users\king\desktop\pointcloud\code\pcscompress\pcscompress\debug\qrc_pcscompress.obj
c:\users\king\desktop\pointcloud\code\pcscompress\pcscompress\debug\zjwtimer.obj
c:\users\king\desktop\pointcloud\code\pcscompress\pcscompress\debug\zjw_pcs_octree.obj
c:\users\king\desktop\pointcloud\code\pcscompress\pcscompress\debug\zjw_opengl.obj
c:\users\king\desktop\pointcloud\code\pcscompress\pcscompress\debug\zjw_dsaupd.obj
c:\users\king\desktop\pointcloud\code\pcscompress\pcscompress\debug\zjw_obj.obj
c:\users\king\desktop\pointcloud\code\pcscompress\pcscompress\debug\zjw_math.obj
c:\users\king\desktop\pointcloud\code\pcscompress\pcscompress\debug\zjw_material.obj
c:\users\king\desktop\pointcloud\code\pcscompress\pcscompress\debug\main.obj
c:\users\king\desktop\pointcloud\code\pcscompress\pcscompress\debug\moc_zjw_opengl.obj
c:\users\king\desktop\pointcloud\code\pcscompress\pcscompress\debug\pcscompress.obj
c:\users\king\desktop\pointcloud\code\pcscompress\pcscompress\debug\moc_pcscompress.obj
c:\users\king\desktop\pointcloud\code\pcscompress\pcscompress\debug\zjw_sgwt_utils.obj
c:\users\king\desktop\pointcloud\code\pcscompress\pcscompress\debug\handle_sgwt_cheby_op.obj
c:\users\king\desktop\pointcloud\code\pcscompress\pcscompress\generatedfiles\ui_pcscompress.h
c:\users\king\desktop\pointcloud\code\pcscompress\pcscompress\generatedfiles\qrc_pcscompress.cpp
c:\users\king\desktop\pointcloud\code\pcscompress\pcscompress\generatedfiles\debug\moc_pcscompress.cpp
c:\users\king\desktop\pointcloud\code\pcscompress\pcscompress\generatedfiles\debug\moc_zjw_opengl.cpp
c:\users\king\desktop\pointcloud\code\pcscompress\win32\debug\pcscompress.ilk
c:\users\king\desktop\pointcloud\code\pcscompress\win32\debug\pcscompress.exe
c:\users\king\desktop\pointcloud\code\pcscompress\win32\debug\pcscompress.pdb
c:\users\king\desktop\pointcloud\code\pcscompress\pcscompress\debug\pcg.obj
c:\users\king\desktop\pointcloud\code\pcscompress\pcscompress\debug\pcscompress.tlog\cl.command.1.tlog
c:\users\king\desktop\pointcloud\code\pcscompress\pcscompress\debug\pcscompress.tlog\cl.read.1.tlog
c:\users\king\desktop\pointcloud\code\pcscompress\pcscompress\debug\pcscompress.tlog\cl.write.1.tlog
c:\users\king\desktop\pointcloud\code\pcscompress\pcscompress\debug\pcscompress.tlog\custombuild.command.1.tlog
c:\users\king\desktop\pointcloud\code\pcscompress\pcscompress\debug\pcscompress.tlog\custombuild.read.1.tlog
c:\users\king\desktop\pointcloud\code\pcscompress\pcscompress\debug\pcscompress.tlog\custombuild.write.1.tlog
c:\users\king\desktop\pointcloud\code\pcscompress\pcscompress\debug\pcscompress.tlog\link.command.1.tlog
c:\users\king\desktop\pointcloud\code\pcscompress\pcscompress\debug\pcscompress.tlog\link.read.1.tlog
c:\users\king\desktop\pointcloud\code\pcscompress\pcscompress\debug\pcscompress.tlog\link.write.1.tlog
