  Uic'ing pcscompress.ui...
  Moc'ing pcscompress.h...
  Moc'ing zjw_opengl.h...
  Rcc'ing pcscompress.qrc...
RCC : warning : No resources in 'E:\1.study\pointCloud\code\pcsCompress\pcsCompress\pcscompress.qrc'.
  
  moc_pcscompress.cpp
e:\1.study\pointcloud\code\pcscompress\pcscompress\zjw_pcs_octree.h(14): fatal error C1083: 无法打开包括文件: “zjw_sgwt_utils.h”: No such file or directory
  moc_zjw_opengl.cpp
e:\1.study\pointcloud\code\pcscompress\pcscompress\zjw_pcs_octree.h(14): fatal error C1083: 无法打开包括文件: “zjw_sgwt_utils.h”: No such file or directory
  main.cpp
e:\1.study\pointcloud\code\pcscompress\pcscompress\zjw_pcs_octree.h(14): fatal error C1083: 无法打开包括文件: “zjw_sgwt_utils.h”: No such file or directory
  pcscompress.cpp
e:\1.study\pointcloud\code\pcscompress\pcscompress\zjw_pcs_octree.h(14): fatal error C1083: 无法打开包括文件: “zjw_sgwt_utils.h”: No such file or directory
  zjw_sgwt_utils.cpp
e:\1.study\pointcloud\code\pcscompress\pcscompress\sgwt_util\zjw_sgwt_utils.h(16): fatal error C1083: 无法打开包括文件: “GenEigsSolver.h”: No such file or directory
  zjw_kmeans.cpp
  zjw_timer.cc
  zjw_fileBatch.cpp
  zjw_material.cpp
  zjw_math.cpp
  zjw_obj.cpp
  zjw_dsaupd.cpp
  zjw_frame.cpp
e:\1.study\pointcloud\code\pcscompress\pcscompress\zjw_pcs_octree.h(14): fatal error C1083: 无法打开包括文件: “zjw_sgwt_utils.h”: No such file or directory
  zjw_opengl.cpp
e:\1.study\pointcloud\code\pcscompress\pcscompress\zjw_pcs_octree.h(14): fatal error C1083: 无法打开包括文件: “zjw_sgwt_utils.h”: No such file or directory
  zjw_pcs_octree.cpp
e:\1.study\pointcloud\code\pcscompress\pcscompress\zjw_pcs_octree.h(14): fatal error C1083: 无法打开包括文件: “zjw_sgwt_utils.h”: No such file or directory
  正在生成代码...
